 Process in group number            1
 No PDF is used, alpha_s(MZ) from param_card is used
 Value of alpha_s from param_card:   0.11839999999999999     
 The default order of alpha_s running is fixed to            2
 *****************************************************
 *               MadGraph/MadEvent                   *
 *        --------------------------------           *
 *          http://madgraph.hep.uiuc.edu             *
 *          http://madgraph.phys.ucl.ac.be           *
 *          http://madgraph.roma2.infn.it            *
 *        --------------------------------           *
 *                                                   *
 *          PARAMETER AND COUPLING VALUES            *
 *                                                   *
 *****************************************************

  External Params
  ---------------------------------
  
 mdl_cabi =   0.22773599999999999     
 aEWM1 =    127.90000000000001     
 mdl_Gf =    1.1663700000000000E-005
 aS =   0.11839999999999999     
 mdl_ymdo =    5.0400000000000002E-003
 mdl_ymup =    2.5500000000000002E-003
 mdl_yms =   0.10100000000000001     
 mdl_ymc =    1.2700000000000000     
 mdl_ymb =    4.7000000000000002     
 mdl_ymt =    172.00000000000000     
 mdl_yme =    5.1099999999999995E-004
 mdl_ymm =   0.10566000000000000     
 mdl_ymtau =    1.7769999999999999     
 mdl_Ge =   0.30281770000000002     
 mdl_GChi =   0.30281770000000002     
 mdl_GAN =   0.30281770000000002     
 mdl_GAPN =   0.30281770000000002     
 mdl_Anuc =    184.00000000000000     
 mdl_Znuc =    74.000000000000000     
 mdl_inelastic1 =    1.9276000000000000     
 mdl_inelastic2 =    1.4084500000000000     
 mdl_aval =    51729.699999999997     
 mdl_dval =    5.0695000000000002E-003
 mdl_apval =    85806.300000000003     
 mdl_Me =    5.1099999999999995E-004
 mdl_MM =   0.10566000000000000     
 mdl_MTA =    1.7769999999999999     
 mdl_MU =    5.1099999999999995E-004
 mdl_MC =    1.4199999999999999     
 mdl_MT =    172.00000000000000     
 mdl_MD =    5.0400000000000002E-003
 mdl_MS =   0.10100000000000001     
 mdl_MB =    4.7000000000000002     
 mdl_MChi =    1.0000000000000000     
 mdl_MNul =    174.00000000000000     
 mdl_MZ =    91.187600000000003     
 mdl_MAp =   0.10000000000000001     
 mdl_MH =    120.00000000000000     
 mdl_WT =    1.5083359999999999     
 mdl_WZ =    2.4952000000000001     
 mdl_WW =    2.0850000000000000     
 mdl_WAp =    1.0000000000000000     
 mdl_WH =    5.7530880000000000E-003
  Internal Params
  ---------------------------------
  
 mdl_cos__cabi =   0.97418004031982097     
 mdl_CKM1x1 =  ( 0.97418004031982097     ,  0.0000000000000000     )
 mdl_sin__cabi =   0.22577256042856930     
 mdl_CKM1x2 =  ( 0.22577256042856930     ,  0.0000000000000000     )
 mdl_CKM1x3 =  (  0.0000000000000000     ,  0.0000000000000000     )
 mdl_CKM2x1 =  (-0.22577256042856930     ,  0.0000000000000000     )
 mdl_CKM2x2 =  ( 0.97418004031982097     ,  0.0000000000000000     )
 mdl_CKM2x3 =  (  0.0000000000000000     ,  0.0000000000000000     )
 mdl_CKM3x1 =  (  0.0000000000000000     ,  0.0000000000000000     )
 mdl_CKM3x2 =  (  0.0000000000000000     ,  0.0000000000000000     )
 mdl_CKM3x3 =  (  1.0000000000000000     ,  0.0000000000000000     )
 mdl_MZ__exp__2 =    8315.1783937600012     
 mdl_MZ__exp__4 =    69142191.720053151     
 mdl_sqrt__2 =    1.4142135623730951     
 mdl_MH__exp__2 =    14400.000000000000     
 mdl_complexi =  (  0.0000000000000000     ,  1.0000000000000000     )
 mdl_conjg__CKM1x1 =  ( 0.97418004031982097     , -0.0000000000000000     )
 mdl_conjg__CKM1x2 =  ( 0.22577256042856930     , -0.0000000000000000     )
 mdl_conjg__CKM1x3 =  (  0.0000000000000000     , -0.0000000000000000     )
 mdl_conjg__CKM2x1 =  (-0.22577256042856930     , -0.0000000000000000     )
 mdl_conjg__CKM2x2 =  ( 0.97418004031982097     , -0.0000000000000000     )
 mdl_conjg__CKM2x3 =  (  0.0000000000000000     , -0.0000000000000000     )
 mdl_conjg__CKM3x1 =  (  0.0000000000000000     , -0.0000000000000000     )
 mdl_conjg__CKM3x2 =  (  0.0000000000000000     , -0.0000000000000000     )
 mdl_conjg__CKM3x3 =  (  1.0000000000000000     , -0.0000000000000000     )
 mdl_aEW =    7.8186082877247844E-003
 mdl_MW =    79.824359746197842     
 mdl_sqrt__aEW =    8.8422894590285753E-002
 mdl_ee =   0.31345100004952897     
 mdl_MW__exp__2 =    6371.9284088904105     
 mdl_sw2 =   0.23369913342182447     
 mdl_cw =   0.87538612427783857     
 mdl_sqrt__sw2 =   0.48342438232036300     
 mdl_sw =   0.48342438232036300     
 mdl_g1 =   0.35807170271074895     
 mdl_gw =   0.64839716719502682     
 mdl_v =    246.22056907348590     
 mdl_v__exp__2 =    60624.568634871241     
 mdl_lam =   0.11876373163764767     
 mdl_yb =    2.6995322804122722E-002
 mdl_yc =    7.2944808428161397E-003
 mdl_ydo =    2.8948175943144366E-005
 mdl_ye =    2.9350233942354699E-006
 mdl_ym =    6.0687783137949077E-004
 mdl_ys =    5.8011225600348830E-004
 mdl_yt =   0.98791394091683138     
 mdl_ytau =    1.0206529494239589E-002
 mdl_yup =    1.4646398542662327E-005
 mdl_muH =    84.852813742385706     
 mdl_ee__exp__2 =    9.8251529432049817E-002
 mdl_gw__exp__2 =   0.42041888642653558     
 mdl_cw__exp__2 =   0.76630086657817542     
 mdl_sw__exp__2 =   0.23369913342182450     
  Internal Params evaluated point by point
  ----------------------------------------
  
 mdl_sqrt__aS =   0.34409301068170506     
 mdl_G__exp__2 =    1.4878582807401259     
  Couplings of DarkphotonNuc_UFO_3
  ---------------------------------
  
         GC_3 =  -0.00000E+00  -0.31345E+00
        GC_12 =  -0.00000E+00  -0.30282E+00

 Collider parameters:
 --------------------

 Running at e e   machine @    27.033312782565144       GeV
 PDF set = none   
 alpha_s(Mz)= 0.1184 running at 2 loops.
 alpha_s(Mz)= 0.1184 running at 2 loops.
 Renormalization scale set on event-by-event basis
 Factorization   scale set on event-by-event basis


 getting user params
Enter number of events and max and min iterations: 
 Number of events and iterations         1000           5           3
Enter desired fractional accuracy: 
 Desired fractional accuracy:   0.10000000000000001     
Enter 0 for fixed, 2 for adjustable grid: 
Suppress amplitude (0 no, 1 yes)? 
 Using suppressed amplitude.
Exact helicity sum (0 yes, n = number/event)? 
 Explicitly summing over helicities
Enter Configuration Number: 
Running Configuration Number:    2
 Not subdividing B.W.
 Attempting mappinvarients           1           6
 Completed mapping           6
 about to integrate            8        1000           5           3           8           1
 Using non-zero grid deformation.
  8 dimensions   1000 events  8 invarients  5 iterations  1 config(s),  (0.99)
 Using h-tuple random number sequence.
 fail to read data
 Error opening grid
 Using Uniform Grid!          24
 Using uniform alpha   1.0000000000000000     
 Grid defined OK
 Set CM energy to        175.05
 Mapping Graph           2  to config           2
Setting grid   1    0.34087E-10   1
Setting grid   2    0.34087E-10   1
Setting grid   3    0.36434E-06   1
 Masses: 0.106E+00 0.174E+03 0.106E+00 0.174E+03 0.511E-03 0.511E-03
   2   1   2   3   4   5   6   7   8
Using random seed offsets     2 :      1
  with seed                   24
 Ranmar initialization seeds       31060        9398
 
 ********************************************
 * You are using the DiscreteSampler module *
 *      part of the MG5_aMC framework       *
 *         Author: Valentin Hirschi         *
 ********************************************
 
  Particle       3       4       5       6
      Et >     0.0     0.0     0.0     0.0
       E >     0.0     0.0     0.0     0.0
     Eta <    -1.0    -1.0    -1.0    -1.0
   xqcut:      0.0     0.0     0.0     0.0
d R # 3  >    -0.0     0.0     0.0     0.0
d R # 4  >    -0.0    -0.0     0.0     0.0
d R # 5  >    -0.0    -0.0    -0.0     0.0
s min # 3>     0.0     0.0     0.0     0.0
s min # 4>     0.0     0.0     0.0     0.0
s min # 5>     0.0     0.0     0.0     0.0
xqcutij # 3>     0.0     0.0     0.0     0.0
xqcutij # 4>     0.0     0.0     0.0     0.0
xqcutij # 5>     0.0     0.0     0.0     0.0
 alpha_s for scale    174.00273569751602       is   0.10787353004235568     
 Added good helicity            1   2.2536109801272360E-003  in event            1 local:           1
 Added good helicity            3   7.1183947550948550E-007  in event            1 local:           1
 Added good helicity            4   1.8152172724173294E-003  in event            1 local:           1
 Added good helicity            5   1.3231306507094316       in event            1 local:           1
 Added good helicity            6   1.1751973268880679E-006  in event            1 local:           1
 Added good helicity            7   4.1655712744915221E-004  in event            1 local:           1
 Added good helicity            8   1.0583463621845886       in event            1 local:           1
 Added good helicity            9   1.2029118747026116E-002  in event            1 local:           1
 Added good helicity           10   7.4302321064341733E-008  in event            1 local:           1
 Added good helicity           11   3.9536408054674066E-006  in event            1 local:           1
 Added good helicity           12   1.1105657462350966E-002  in event            1 local:           1
 Added good helicity           13   7.0549983627306592       in event            1 local:           1
 Added good helicity           14   4.4129388010030054E-005  in event            1 local:           1
 Added good helicity           15   2.3211639199758462E-003  in event            1 local:           1
 Added good helicity           16   6.5290036315323459       in event            1 local:           1
 Added good helicity           17   1.3249350858958386       in event            1 local:           1
 Added good helicity           18   1.1748012703373581E-006  in event            1 local:           1
 Added good helicity           19   4.1710799749134479E-004  in event            1 local:           1
 Added good helicity           20   1.0595595008885843       in event            1 local:           1
 Added good helicity           21   2.1982032133497516E-003  in event            1 local:           1
 Added good helicity           23   6.9487406954367420E-007  in event            1 local:           1
 Added good helicity           24   1.7777493349913399E-003  in event            1 local:           1
 Added good helicity           25   7.0597789660206436       in event            1 local:           1
 Added good helicity           26   4.4098170988143529E-005  in event            1 local:           1
 Added good helicity           27   2.3223395096107916E-003  in event            1 local:           1
 Added good helicity           28   6.5305511557360969       in event            1 local:           1
 Added good helicity           29   1.1881675754288534E-002  in event            1 local:           1
 Added good helicity           30   7.5265875278820671E-008  in event            1 local:           1
 Added good helicity           31   3.9173557102481540E-006  in event            1 local:           1
 Added good helicity           32   1.1057874129828697E-002  in event            1 local:           1
 Added good helicity           33   1.1057874129828695E-002  in event            1 local:           1
 Added good helicity           34   3.9173557102481540E-006  in event            1 local:           1
 Added good helicity           35   7.5265875278820724E-008  in event            1 local:           1
 Added good helicity           36   1.1881675754288534E-002  in event            1 local:           1
 Added good helicity           37   6.5305511557360969       in event            1 local:           1
 Added good helicity           38   2.3223395096107912E-003  in event            1 local:           1
 Added good helicity           39   4.4098170988143536E-005  in event            1 local:           1
 Added good helicity           40   7.0597789660206436       in event            1 local:           1
 Added good helicity           41   1.7777493349913406E-003  in event            1 local:           1
 Added good helicity           42   6.9487406954367431E-007  in event            1 local:           1
 Added good helicity           44   2.1982032133497486E-003  in event            1 local:           1
 Added good helicity           45   1.0595595008885847       in event            1 local:           1
 Added good helicity           46   4.1710799749134490E-004  in event            1 local:           1
 Added good helicity           47   1.1748012703373589E-006  in event            1 local:           1
 Added good helicity           48   1.3249350858958411       in event            1 local:           1
 Added good helicity           49   6.5290036315323459       in event            1 local:           1
 Added good helicity           50   2.3211639199758462E-003  in event            1 local:           1
 Added good helicity           51   4.4129388010030068E-005  in event            1 local:           1
 Added good helicity           52   7.0549983627306565       in event            1 local:           1
 Added good helicity           53   1.1105657462350968E-002  in event            1 local:           1
 Added good helicity           54   3.9536408054674057E-006  in event            1 local:           1
 Added good helicity           55   7.4302321064341733E-008  in event            1 local:           1
 Added good helicity           56   1.2029118747026118E-002  in event            1 local:           1
 Added good helicity           57   1.0583463621845881       in event            1 local:           1
 Added good helicity           58   4.1655712744915259E-004  in event            1 local:           1
 Added good helicity           59   1.1751973268880688E-006  in event            1 local:           1
 Added good helicity           60   1.3231306507094316       in event            1 local:           1
 Added good helicity           61   1.8152172724173279E-003  in event            1 local:           1
 Added good helicity           62   7.1183947550948593E-007  in event            1 local:           1
 Added good helicity           64   2.2536109801272368E-003  in event            1 local:           1
 Added good helicity            2   1.2505365716023712E-008  in event            3 local:           3
 Added good helicity           22   1.2507103346806882E-008  in event            3 local:           3
 Added good helicity           43   1.2507103346806882E-008  in event            3 local:           3
 Added good helicity           63   1.2505365716023712E-008  in event            3 local:           3
 RESET CUMULATIVE VARIABLE
 RESET CUMULATIVE VARIABLE
 Iteration  1   Mean: 0.3991E+05 Abs mean: 0.3991E+05   Fluctuation:  0.111E+05   0.632E+07    12.0%
  1    0.3991E+05 0.3991E+05 +- 0.1114E+05      8.83
 Writing out events   66.774396896016185        8.8290359105665246     
 Relative summed weights:
  0.1000E+01  0.0000E+00
 Relative number of events:
  0.1000E+01  0.0000E+00
 Events:
        1015           0
 Iteration  2   Mean: 0.5199E+05 Abs mean: 0.5199E+05   Fluctuation:  0.499E+04   0.642E+07    23.4%
  2    0.5199E+05 0.5199E+05 +- 0.4986E+04      4.29
 Relative summed weights:
  0.1000E+01  0.0000E+00
 Relative number of events:
  0.1000E+01  0.0000E+00
 Events:
        2000           0
 Iteration  3   Mean: 0.4763E+05 Abs mean: 0.4763E+05   Fluctuation:  0.152E+04   0.153E+07    45.3%
  3    0.4763E+05 0.4763E+05 +- 0.1522E+04      2.02
 Relative summed weights:
  0.1000E+01  0.0000E+00
 Relative number of events:
  0.1000E+01  0.0000E+00
 Events:
        4000           0
 Accuracy:    0.023   0.100   0.030   0.588
 Finished due to accuracy    2.3111730018250152E-002  0.10000000000000001     

 -------------------------------------------------------------------------------
 Accumulated results:   Integral =  0.4797E+05
                        Std dev  =  0.1446E+04
                       Cross sec =  0.4797E+05
             Chi**2 per DoF.     =      0.5882
 -------------------------------------------------------------------------------
 Found          714  events.
 Wrote          220  events.
 Actual xsec    47970.559292402162     
 Correct abs xsec    47970.559292402162     
 Event xsec    47970.559292402046     
 Events wgts > 1:            6
 % Cross section > 1:    365.43869508097072       0.76179786200418920     
-------------------------------------------------
---------------------------
 Results Last   3 iters: Integral =   0.4797E+05
                     Abs integral =   0.4797E+05
                          Std dev =   0.1446E+04
                  Chi**2 per DoF. =      0.6123
-------------------------------------------------
---------------------------
 Status  0.10000000000000001                4           5

ls status:
events.lhe
ftn25
ftn26
input_app.txt
results.dat
run1_app.log
