 Process in group number            1
 No PDF is used, alpha_s(MZ) from param_card is used
 Value of alpha_s from param_card:   0.11839999999999999     
 The default order of alpha_s running is fixed to            2
 *****************************************************
 *               MadGraph/MadEvent                   *
 *        --------------------------------           *
 *          http://madgraph.hep.uiuc.edu             *
 *          http://madgraph.phys.ucl.ac.be           *
 *          http://madgraph.roma2.infn.it            *
 *        --------------------------------           *
 *                                                   *
 *          PARAMETER AND COUPLING VALUES            *
 *                                                   *
 *****************************************************

  External Params
  ---------------------------------
  
 mdl_cabi =   0.22773599999999999     
 aEWM1 =    127.90000000000001     
 mdl_Gf =    1.1663700000000000E-005
 aS =   0.11839999999999999     
 mdl_ymdo =    5.0400000000000002E-003
 mdl_ymup =    2.5500000000000002E-003
 mdl_yms =   0.10100000000000001     
 mdl_ymc =    1.2700000000000000     
 mdl_ymb =    4.7000000000000002     
 mdl_ymt =    172.00000000000000     
 mdl_yme =    5.1099999999999995E-004
 mdl_ymm =   0.10566000000000000     
 mdl_ymtau =    1.7769999999999999     
 mdl_Ge =   0.30281770000000002     
 mdl_GChi =   0.30281770000000002     
 mdl_GAN =   0.30281770000000002     
 mdl_GAPN =   0.30281770000000002     
 mdl_Anuc =    184.00000000000000     
 mdl_Znuc =    74.000000000000000     
 mdl_inelastic1 =    1.9276000000000000     
 mdl_inelastic2 =    1.4084500000000000     
 mdl_aval =    51729.699999999997     
 mdl_dval =    5.0695000000000002E-003
 mdl_apval =    85806.300000000003     
 mdl_Me =    5.1099999999999995E-004
 mdl_MM =   0.10566000000000000     
 mdl_MTA =    1.7769999999999999     
 mdl_MU =    5.1099999999999995E-004
 mdl_MC =    1.4199999999999999     
 mdl_MT =    172.00000000000000     
 mdl_MD =    5.0400000000000002E-003
 mdl_MS =   0.10100000000000001     
 mdl_MB =    4.7000000000000002     
 mdl_MChi =    1.0000000000000000     
 mdl_MNul =    174.00000000000000     
 mdl_MZ =    91.187600000000003     
 mdl_MAp =   0.10000000000000001     
 mdl_MH =    120.00000000000000     
 mdl_WT =    1.5083359999999999     
 mdl_WZ =    2.4952000000000001     
 mdl_WW =    2.0850000000000000     
 mdl_WAp =    1.0000000000000000     
 mdl_WH =    5.7530880000000000E-003
  Internal Params
  ---------------------------------
  
 mdl_cos__cabi =   0.97418004031982097     
 mdl_CKM1x1 =  ( 0.97418004031982097     ,  0.0000000000000000     )
 mdl_sin__cabi =   0.22577256042856930     
 mdl_CKM1x2 =  ( 0.22577256042856930     ,  0.0000000000000000     )
 mdl_CKM1x3 =  (  0.0000000000000000     ,  0.0000000000000000     )
 mdl_CKM2x1 =  (-0.22577256042856930     ,  0.0000000000000000     )
 mdl_CKM2x2 =  ( 0.97418004031982097     ,  0.0000000000000000     )
 mdl_CKM2x3 =  (  0.0000000000000000     ,  0.0000000000000000     )
 mdl_CKM3x1 =  (  0.0000000000000000     ,  0.0000000000000000     )
 mdl_CKM3x2 =  (  0.0000000000000000     ,  0.0000000000000000     )
 mdl_CKM3x3 =  (  1.0000000000000000     ,  0.0000000000000000     )
 mdl_MZ__exp__2 =    8315.1783937600012     
 mdl_MZ__exp__4 =    69142191.720053151     
 mdl_sqrt__2 =    1.4142135623730951     
 mdl_MH__exp__2 =    14400.000000000000     
 mdl_complexi =  (  0.0000000000000000     ,  1.0000000000000000     )
 mdl_conjg__CKM1x1 =  ( 0.97418004031982097     , -0.0000000000000000     )
 mdl_conjg__CKM1x2 =  ( 0.22577256042856930     , -0.0000000000000000     )
 mdl_conjg__CKM1x3 =  (  0.0000000000000000     , -0.0000000000000000     )
 mdl_conjg__CKM2x1 =  (-0.22577256042856930     , -0.0000000000000000     )
 mdl_conjg__CKM2x2 =  ( 0.97418004031982097     , -0.0000000000000000     )
 mdl_conjg__CKM2x3 =  (  0.0000000000000000     , -0.0000000000000000     )
 mdl_conjg__CKM3x1 =  (  0.0000000000000000     , -0.0000000000000000     )
 mdl_conjg__CKM3x2 =  (  0.0000000000000000     , -0.0000000000000000     )
 mdl_conjg__CKM3x3 =  (  1.0000000000000000     , -0.0000000000000000     )
 mdl_aEW =    7.8186082877247844E-003
 mdl_MW =    79.824359746197842     
 mdl_sqrt__aEW =    8.8422894590285753E-002
 mdl_ee =   0.31345100004952897     
 mdl_MW__exp__2 =    6371.9284088904105     
 mdl_sw2 =   0.23369913342182447     
 mdl_cw =   0.87538612427783857     
 mdl_sqrt__sw2 =   0.48342438232036300     
 mdl_sw =   0.48342438232036300     
 mdl_g1 =   0.35807170271074895     
 mdl_gw =   0.64839716719502682     
 mdl_v =    246.22056907348590     
 mdl_v__exp__2 =    60624.568634871241     
 mdl_lam =   0.11876373163764767     
 mdl_yb =    2.6995322804122722E-002
 mdl_yc =    7.2944808428161397E-003
 mdl_ydo =    2.8948175943144366E-005
 mdl_ye =    2.9350233942354699E-006
 mdl_ym =    6.0687783137949077E-004
 mdl_ys =    5.8011225600348830E-004
 mdl_yt =   0.98791394091683138     
 mdl_ytau =    1.0206529494239589E-002
 mdl_yup =    1.4646398542662327E-005
 mdl_muH =    84.852813742385706     
 mdl_ee__exp__2 =    9.8251529432049817E-002
 mdl_gw__exp__2 =   0.42041888642653558     
 mdl_cw__exp__2 =   0.76630086657817542     
 mdl_sw__exp__2 =   0.23369913342182450     
  Internal Params evaluated point by point
  ----------------------------------------
  
 mdl_sqrt__aS =   0.34409301068170506     
 mdl_G__exp__2 =    1.4878582807401259     
  Couplings of DarkphotonNuc_UFO_3
  ---------------------------------
  
         GC_3 =  -0.00000E+00  -0.31345E+00
        GC_12 =  -0.00000E+00  -0.30282E+00

 Collider parameters:
 --------------------

 Running at e e   machine @    27.033312782565144       GeV
 PDF set = none   
 alpha_s(Mz)= 0.1184 running at 2 loops.
 alpha_s(Mz)= 0.1184 running at 2 loops.
 Renormalization scale set on event-by-event basis
 Factorization   scale set on event-by-event basis


 getting user params
Enter number of events and max and min iterations: 
 Number of events and iterations         1948           9           3
Enter desired fractional accuracy: 
 Desired fractional accuracy:   -8.9137814489400006E-003
Enter 0 for fixed, 2 for adjustable grid: 
Suppress amplitude (0 no, 1 yes)? 
 Using suppressed amplitude.
Exact helicity sum (0 yes, n = number/event)? 
 Explicitly summing over helicities
Enter Configuration Number: 
Running Configuration Number:    2
 Not subdividing B.W.
 Attempting mappinvarients           1           6
 Completed mapping           6
 about to integrate            8        1948           9           3           8           1
 Keeping grid fixed.
  8 dimensions   1948 events  8 invarients  9 iterations  1 config(s),  (0.99)
 Using h-tuple random number sequence.
 
 ********************************************
 * You are using the DiscreteSampler module *
 *      part of the MG5_aMC framework       *
 *         Author: Valentin Hirschi         *
 ********************************************
 
 Grid read from file
 Grid defined OK
 Set CM energy to        175.05
 Mapping Graph           2  to config           2
 No modification is setgrid, grid read from file
 No modification is setgrid, grid read from file
 No modification is setgrid, grid read from file
 Masses: 0.106E+00 0.174E+03 0.106E+00 0.174E+03 0.511E-03 0.511E-03
   2   1   2   3   4   5   6   7   8
 Got moffset           1
Using random seed offsets     2 :      1
  with seed                   27
 Ranmar initialization seeds        4636       12559
  Particle       3       4       5       6
      Et >     0.0     0.0     0.0     0.0
       E >     0.0     0.0     0.0     0.0
     Eta <    -1.0    -1.0    -1.0    -1.0
   xqcut:      0.0     0.0     0.0     0.0
d R # 3  >    -0.0     0.0     0.0     0.0
d R # 4  >    -0.0    -0.0     0.0     0.0
d R # 5  >    -0.0    -0.0    -0.0     0.0
s min # 3>     0.0     0.0     0.0     0.0
s min # 4>     0.0     0.0     0.0     0.0
s min # 5>     0.0     0.0     0.0     0.0
xqcutij # 3>     0.0     0.0     0.0     0.0
xqcutij # 4>     0.0     0.0     0.0     0.0
xqcutij # 5>     0.0     0.0     0.0     0.0
 alpha_s for scale    174.00296183263558       is   0.10787351079038937     
 Iteration  1   Mean: 0.4709E+05 Abs mean: 0.4709E+05   Fluctuation:  0.154E+04   0.421E+06    47.2%
  1    0.4709E+05 0.4709E+05 +- 0.1537E+04      1.44
 Relative summed weights:
  0.1000E+01  0.0000E+00
 Relative number of events:
  0.1000E+01  0.0000E+00
 Events:
        1948           0
 Iteration  2   Mean: 0.4842E+05 Abs mean: 0.4842E+05   Fluctuation:  0.112E+04   0.126E+07    48.0%
  2    0.4842E+05 0.4842E+05 +- 0.1119E+04      1.44
 Relative summed weights:
  0.1000E+01  0.0000E+00
 Relative number of events:
  0.1000E+01  0.0000E+00
 Events:
        3896           0
 Iteration  3   Mean: 0.4710E+05 Abs mean: 0.4710E+05   Fluctuation:  0.765E+03   0.108E+07    47.2%
  3    0.4710E+05 0.4710E+05 +- 0.7647E+03      1.43
 Relative summed weights:
  0.1000E+01  0.0000E+00
 Relative number of events:
  0.1000E+01  0.0000E+00
 Events:
        7792           0
 Found         1570  events.
 Wrote         1137  events.
 Actual xsec    47470.987046280810     
 Correct abs xsec    47470.987046280810     
 Event xsec    47470.987046280417     
 Events wgts > 1:           31
 % Cross section > 1:    455.71443189780189       0.95998516199698303     
 Checking number of events   423.14600369600896             1137  chi2:   0.51117482679455128     

 -------------------------------------------------------------------------------
 Accumulated results:   Integral =  0.4747E+05
                        Std dev  =  0.5842E+03
                       Cross sec =  0.5234E+00
             Chi**2 per DoF.     =
-------------------------------------------------
---------------------------
 Results Last   3 iters: Integral =   0.4747E+05
                     Abs integral =   0.4747E+05
                          Std dev =   0.5842E+03
                  Chi**2 per DoF. =      0.5112
-------------------------------------------------
---------------------------
 Status  -8.9137814489400006E-003           4           9
 We found enough events        1137   423.14600369600896     

ls status:
events.lhe
ftn25
ftn26
input_app.txt
input_sg.txt
log.txt
moffset.dat
results.dat
run_01_app.log
run1_app.log
