 Process in group number            1
 No PDF is used, alpha_s(MZ) from param_card is used
 Value of alpha_s from param_card:   0.11839999999999999     
 The default order of alpha_s running is fixed to            2
 *****************************************************
 *               MadGraph/MadEvent                   *
 *        --------------------------------           *
 *          http://madgraph.hep.uiuc.edu             *
 *          http://madgraph.phys.ucl.ac.be           *
 *          http://madgraph.roma2.infn.it            *
 *        --------------------------------           *
 *                                                   *
 *          PARAMETER AND COUPLING VALUES            *
 *                                                   *
 *****************************************************

  External Params
  ---------------------------------
  
 mdl_cabi =   0.22773599999999999     
 aEWM1 =    127.90000000000001     
 mdl_Gf =    1.1663700000000000E-005
 aS =   0.11839999999999999     
 mdl_ymdo =    5.0400000000000002E-003
 mdl_ymup =    2.5500000000000002E-003
 mdl_yms =   0.10100000000000001     
 mdl_ymc =    1.2700000000000000     
 mdl_ymb =    4.7000000000000002     
 mdl_ymt =    172.00000000000000     
 mdl_yme =    5.1099999999999995E-004
 mdl_ymm =   0.10566000000000000     
 mdl_ymtau =    1.7769999999999999     
 mdl_Ge =   0.30281770000000002     
 mdl_GChi =   0.30281770000000002     
 mdl_GAN =   0.30281770000000002     
 mdl_GAPN =   0.30281770000000002     
 mdl_Anuc =    184.00000000000000     
 mdl_Znuc =    74.000000000000000     
 mdl_inelastic1 =    1.9276000000000000     
 mdl_inelastic2 =    1.4084500000000000     
 mdl_aval =    51729.699999999997     
 mdl_dval =    5.0695000000000002E-003
 mdl_apval =    85806.300000000003     
 mdl_Me =    5.1099999999999995E-004
 mdl_MM =   0.10566000000000000     
 mdl_MTA =    1.7769999999999999     
 mdl_MU =    2.5500000000000002E-003
 mdl_MC =    1.4199999999999999     
 mdl_MT =    172.00000000000000     
 mdl_MD =    5.0400000000000002E-003
 mdl_MS =   0.10100000000000001     
 mdl_MB =    4.7000000000000002     
 mdl_MChi =    1.0000000000000000     
 mdl_MNul =    174.00000000000000     
 mdl_MZ =    91.187600000000003     
 mdl_MAp =   0.10000000000000001     
 mdl_MH =    120.00000000000000     
 mdl_WT =    1.5083359999999999     
 mdl_WZ =    2.4952000000000001     
 mdl_WW =    2.0850000000000000     
 mdl_WAp =    1.0000000000000000     
 mdl_WH =    5.7530880000000000E-003
  Internal Params
  ---------------------------------
  
 mdl_cos__cabi =   0.97418004031982097     
 mdl_CKM1x1 =  ( 0.97418004031982097     ,  0.0000000000000000     )
 mdl_sin__cabi =   0.22577256042856930     
 mdl_CKM1x2 =  ( 0.22577256042856930     ,  0.0000000000000000     )
 mdl_CKM1x3 =  (  0.0000000000000000     ,  0.0000000000000000     )
 mdl_CKM2x1 =  (-0.22577256042856930     ,  0.0000000000000000     )
 mdl_CKM2x2 =  ( 0.97418004031982097     ,  0.0000000000000000     )
 mdl_CKM2x3 =  (  0.0000000000000000     ,  0.0000000000000000     )
 mdl_CKM3x1 =  (  0.0000000000000000     ,  0.0000000000000000     )
 mdl_CKM3x2 =  (  0.0000000000000000     ,  0.0000000000000000     )
 mdl_CKM3x3 =  (  1.0000000000000000     ,  0.0000000000000000     )
 mdl_MZ__exp__2 =    8315.1783937600012     
 mdl_MZ__exp__4 =    69142191.720053151     
 mdl_sqrt__2 =    1.4142135623730951     
 mdl_MH__exp__2 =    14400.000000000000     
 mdl_complexi =  (  0.0000000000000000     ,  1.0000000000000000     )
 mdl_conjg__CKM1x1 =  ( 0.97418004031982097     , -0.0000000000000000     )
 mdl_conjg__CKM1x2 =  ( 0.22577256042856930     , -0.0000000000000000     )
 mdl_conjg__CKM1x3 =  (  0.0000000000000000     , -0.0000000000000000     )
 mdl_conjg__CKM2x1 =  (-0.22577256042856930     , -0.0000000000000000     )
 mdl_conjg__CKM2x2 =  ( 0.97418004031982097     , -0.0000000000000000     )
 mdl_conjg__CKM2x3 =  (  0.0000000000000000     , -0.0000000000000000     )
 mdl_conjg__CKM3x1 =  (  0.0000000000000000     , -0.0000000000000000     )
 mdl_conjg__CKM3x2 =  (  0.0000000000000000     , -0.0000000000000000     )
 mdl_conjg__CKM3x3 =  (  1.0000000000000000     , -0.0000000000000000     )
 mdl_aEW =    7.8186082877247844E-003
 mdl_MW =    79.824359746197842     
 mdl_sqrt__aEW =    8.8422894590285753E-002
 mdl_ee =   0.31345100004952897     
 mdl_MW__exp__2 =    6371.9284088904105     
 mdl_sw2 =   0.23369913342182447     
 mdl_cw =   0.87538612427783857     
 mdl_sqrt__sw2 =   0.48342438232036300     
 mdl_sw =   0.48342438232036300     
 mdl_g1 =   0.35807170271074895     
 mdl_gw =   0.64839716719502682     
 mdl_v =    246.22056907348590     
 mdl_v__exp__2 =    60624.568634871241     
 mdl_lam =   0.11876373163764767     
 mdl_yb =    2.6995322804122722E-002
 mdl_yc =    7.2944808428161397E-003
 mdl_ydo =    2.8948175943144366E-005
 mdl_ye =    2.9350233942354699E-006
 mdl_ym =    6.0687783137949077E-004
 mdl_ys =    5.8011225600348830E-004
 mdl_yt =   0.98791394091683138     
 mdl_ytau =    1.0206529494239589E-002
 mdl_yup =    1.4646398542662327E-005
 mdl_muH =    84.852813742385706     
 mdl_ee__exp__2 =    9.8251529432049817E-002
 mdl_gw__exp__2 =   0.42041888642653558     
 mdl_cw__exp__2 =   0.76630086657817542     
 mdl_sw__exp__2 =   0.23369913342182450     
  Internal Params evaluated point by point
  ----------------------------------------
  
 mdl_sqrt__aS =   0.34409301068170506     
 mdl_G__exp__2 =    1.4878582807401259     
  Couplings of DarkphotonNuc_UFO_3
  ---------------------------------
  
         GC_3 =  -0.00000E+00  -0.31345E+00
        GC_12 =  -0.00000E+00  -0.30282E+00

 Collider parameters:
 --------------------

 Running at e e   machine @    27.033312782565144       GeV
 PDF set = none   
 alpha_s(Mz)= 0.1184 running at 2 loops.
 alpha_s(Mz)= 0.1184 running at 2 loops.
 Renormalization scale set on event-by-event basis
 Factorization   scale set on event-by-event basis


 getting user params
Enter number of events and max and min iterations: 
 Number of events and iterations         1000           5           3
Enter desired fractional accuracy: 
 Desired fractional accuracy:   0.10000000000000001     
Enter 0 for fixed, 2 for adjustable grid: 
Suppress amplitude (0 no, 1 yes)? 
 Using suppressed amplitude.
Exact helicity sum (0 yes, n = number/event)? 
 Explicitly summing over helicities
Enter Configuration Number: 
Running Configuration Number:    1
 Not subdividing B.W.
 Attempting mappinvarients           1           6
 Completed mapping           6
 about to integrate            8        1000           5           3           8           1
 Using non-zero grid deformation.
  8 dimensions   1000 events  8 invarients  5 iterations  1 config(s),  (0.99)
 Using h-tuple random number sequence.
 fail to read data
 Error opening grid
 Using Uniform Grid!          24
 Using uniform alpha   1.0000000000000000     
 Grid defined OK
 Set CM energy to        175.05
 Mapping Graph           1  to config           1
Setting grid   1    0.85218E-11   1
Setting grid   2    0.85218E-11   1
Setting grid   3    0.85218E-11   1
 Masses: 0.511E-03 0.174E+03 0.511E-03 0.174E+03 0.511E-03 0.511E-03
   1   1   2   3   4   5   6   7   8
Using random seed offsets     1 :      1
  with seed                   84
 Ranmar initialization seeds       13956        9461
 
 ********************************************
 * You are using the DiscreteSampler module *
 *      part of the MG5_aMC framework       *
 *         Author: Valentin Hirschi         *
 ********************************************
 
  Particle       3       4       5       6
      Et >     0.0     0.0     0.0     0.0
       E >     0.0     0.0     0.0     0.0
     Eta <    -1.0    -1.0    -1.0    -1.0
   xqcut:      0.0     0.0     0.0     0.0
d R # 3  >    -0.0     0.0     0.0     0.0
d R # 4  >    -0.0    -0.0     0.0     0.0
d R # 5  >    -0.0    -0.0    -0.0     0.0
s min # 3>     0.0     0.0     0.0     0.0
s min # 4>     0.0     0.0     0.0     0.0
s min # 5>     0.0     0.0     0.0     0.0
xqcutij # 3>     0.0     0.0     0.0     0.0
xqcutij # 4>     0.0     0.0     0.0     0.0
xqcutij # 5>     0.0     0.0     0.0     0.0
 alpha_s for scale    174.00055386679523       is   0.10787371579370507     
 Added good helicity            1   8.9621623304351046E-006  in event            1 local:           1
 Added good helicity            3   1.5373973404588332E-003  in event            1 local:           1
 Added good helicity            4   2.2857295931953496E-006  in event            1 local:           1
 Added good helicity            5   8.1531280183281567E-005  in event            1 local:           1
 Added good helicity            7   1.3811633724534254E-002  in event            1 local:           1
 Added good helicity            8   2.1044407073380118E-005  in event            1 local:           1
 Added good helicity            9  0.51887277932427112       in event            1 local:           1
 Added good helicity           10   4.6596341737549805E-007  in event            1 local:           1
 Added good helicity           11   1.9074831603061794E-005  in event            1 local:           1
 Added good helicity           12   1.0482804158114813       in event            1 local:           1
 Added good helicity           13   4.7212229110332942       in event            1 local:           1
 Added good helicity           14   4.2107515188113501E-006  in event            1 local:           1
 Added good helicity           15   1.7742101782789076E-004  in event            1 local:           1
 Added good helicity           16   9.7190382975894121       in event            1 local:           1
 Added good helicity           17   8.1508081790285475E-005  in event            1 local:           1
 Added good helicity           19   1.3889775991794910E-002  in event            1 local:           1
 Added good helicity           20   2.0945958986297406E-005  in event            1 local:           1
 Added good helicity           21   8.9670457697422924E-006  in event            1 local:           1
 Added good helicity           23   1.5208484898374347E-003  in event            1 local:           1
 Added good helicity           24   2.3062200835850191E-006  in event            1 local:           1
 Added good helicity           25   4.7334165786009592       in event            1 local:           1
 Added good helicity           26   4.2310715160710250E-006  in event            1 local:           1
 Added good helicity           27   1.7602902289168030E-004  in event            1 local:           1
 Added good helicity           28   9.6484140856018659       in event            1 local:           1
 Added good helicity           29  0.51639425139761319       in event            1 local:           1
 Added good helicity           30   4.6175141354461297E-007  in event            1 local:           1
 Added good helicity           31   1.9363999923198862E-005  in event            1 local:           1
 Added good helicity           32   1.0629722157762282       in event            1 local:           1
 Added good helicity           33   1.0629722157762280       in event            1 local:           1
 Added good helicity           34   1.9363999923198858E-005  in event            1 local:           1
 Added good helicity           35   4.6175141354461297E-007  in event            1 local:           1
 Added good helicity           36  0.51639425139761319       in event            1 local:           1
 Added good helicity           37   9.6484140856018659       in event            1 local:           1
 Added good helicity           38   1.7602902289168030E-004  in event            1 local:           1
 Added good helicity           39   4.2310715160710250E-006  in event            1 local:           1
 Added good helicity           40   4.7334165786009592       in event            1 local:           1
 Added good helicity           41   2.3062200835850187E-006  in event            1 local:           1
 Added good helicity           42   1.5208484898374354E-003  in event            1 local:           1
 Added good helicity           44   8.9670457697422924E-006  in event            1 local:           1
 Added good helicity           45   2.0945958986297406E-005  in event            1 local:           1
 Added good helicity           46   1.3889775991794927E-002  in event            1 local:           1
 Added good helicity           48   8.1508081790285475E-005  in event            1 local:           1
 Added good helicity           49   9.7190382975894121       in event            1 local:           1
 Added good helicity           50   1.7742101782789081E-004  in event            1 local:           1
 Added good helicity           51   4.2107515188113484E-006  in event            1 local:           1
 Added good helicity           52   4.7212229110332959       in event            1 local:           1
 Added good helicity           53   1.0482804158114811       in event            1 local:           1
 Added good helicity           54   1.9074831603061801E-005  in event            1 local:           1
 Added good helicity           55   4.6596341737549815E-007  in event            1 local:           1
 Added good helicity           56  0.51887277932427112       in event            1 local:           1
 Added good helicity           57   2.1044407073380125E-005  in event            1 local:           1
 Added good helicity           58   1.3811633724534254E-002  in event            1 local:           1
 Added good helicity           60   8.1531280183281567E-005  in event            1 local:           1
 Added good helicity           61   2.2857295931953496E-006  in event            1 local:           1
 Added good helicity           62   1.5373973404588337E-003  in event            1 local:           1
 Added good helicity           64   8.9621623304351046E-006  in event            1 local:           1
 Added good helicity            2   1.1216352911072286E-007  in event           11 local:          11
 Added good helicity            6   8.4134126913232064E-008  in event           11 local:          11
 Added good helicity           18   9.0952182078593836E-008  in event           11 local:          11
 Added good helicity           22   1.1117813547936263E-007  in event           11 local:          11
 Added good helicity           43   1.1117813547936255E-007  in event           11 local:          11
 Added good helicity           47   9.0952182078593783E-008  in event           11 local:          11
 Added good helicity           59   8.4134126913231985E-008  in event           11 local:          11
 Added good helicity           63   1.1216352911072293E-007  in event           11 local:          11
 RESET CUMULATIVE VARIABLE
 RESET CUMULATIVE VARIABLE
 Iteration  1   Mean: 0.1237E+10 Abs mean: 0.1237E+10   Fluctuation:  0.273E+09   0.227E+12     7.4%
  1    0.1237E+10 0.1237E+10 +- 0.2731E+09      6.98
 Writing out events   3323309.6084563578        6.9814641510869269     
 Relative summed weights:
  0.2258E+00  0.0000E+00
  0.1685E+00  0.0000E+00
  0.4207E+00  0.0000E+00
  0.1850E+00  0.0000E+00
 Relative number of events:
  0.2507E+00  0.0000E+00
  0.2319E+00  0.0000E+00
  0.2666E+00  0.0000E+00
  0.2507E+00  0.0000E+00
 Events:
         253           0
         234           0
         269           0
         253           0
 Iteration  2   Mean: 0.1106E+10 Abs mean: 0.1106E+10   Fluctuation:  0.657E+08   0.717E+11    10.0%
  2    0.1106E+10 0.1106E+10 +- 0.6570E+08      2.66
 Relative summed weights:
  0.2675E+00  0.0000E+00
  0.2514E+00  0.0000E+00
  0.2786E+00  0.0000E+00
  0.2024E+00  0.0000E+00
 Relative number of events:
  0.2625E+00  0.0000E+00
  0.2440E+00  0.0000E+00
  0.2670E+00  0.0000E+00
  0.2265E+00  0.0000E+00
 Events:
         525           0
         488           0
         534           0
         453           0
 Iteration  3   Mean: 0.1036E+10 Abs mean: 0.1036E+10   Fluctuation:  0.387E+08   0.600E+11    10.1%
  3    0.1036E+10 0.1036E+10 +- 0.3870E+08      2.36
 Relative summed weights:
  0.3075E+00  0.0000E+00
  0.2106E+00  0.0000E+00
  0.2822E+00  0.0000E+00
  0.1998E+00  0.0000E+00
 Relative number of events:
  0.2707E+00  0.0000E+00
  0.2230E+00  0.0000E+00
  0.2795E+00  0.0000E+00
  0.2268E+00  0.0000E+00
 Events:
        1083           0
         892           0
        1118           0
         907           0
 Accuracy:    0.027   0.100   0.031   0.739
 Finished due to accuracy    2.6905625820765736E-002  0.10000000000000001     

 -------------------------------------------------------------------------------
 Accumulated results:   Integral =  0.1060E+10
                        Std dev  =  0.3316E+08
                       Cross sec =  0.1060E+10
             Chi**2 per DoF.     =      0.7389
 -------------------------------------------------------------------------------
 Found         2033  events.
 Wrote          104  events.
 Actual xsec    1059553335.4575824     
 Correct abs xsec    1059553335.4575824     
 Event xsec    1059553335.4575834     
 Events wgts > 1:            3
 % Cross section > 1:    9064588.1999119557       0.85551032652804415     
-------------------------------------------------
---------------------------
 Results Last   3 iters: Integral =   0.1060E+10
                     Abs integral =   0.1060E+10
                          Std dev =   0.3316E+08
                  Chi**2 per DoF. =      0.6477
-------------------------------------------------
---------------------------
 Status  0.10000000000000001                4           5

ls status:
events.lhe
ftn25
ftn26
input_app.txt
results.dat
run1_app.log
