 Process in group number            1
 No PDF is used, alpha_s(MZ) from param_card is used
 Value of alpha_s from param_card:   0.11839999999999999     
 The default order of alpha_s running is fixed to            2
 *****************************************************
 *               MadGraph/MadEvent                   *
 *        --------------------------------           *
 *          http://madgraph.hep.uiuc.edu             *
 *          http://madgraph.phys.ucl.ac.be           *
 *          http://madgraph.roma2.infn.it            *
 *        --------------------------------           *
 *                                                   *
 *          PARAMETER AND COUPLING VALUES            *
 *                                                   *
 *****************************************************

  External Params
  ---------------------------------
  
 mdl_cabi =   0.22773599999999999     
 aEWM1 =    127.90000000000001     
 mdl_Gf =    1.1663700000000000E-005
 aS =   0.11839999999999999     
 mdl_ymdo =    5.0400000000000002E-003
 mdl_ymup =    2.5500000000000002E-003
 mdl_yms =   0.10100000000000001     
 mdl_ymc =    1.2700000000000000     
 mdl_ymb =    4.7000000000000002     
 mdl_ymt =    172.00000000000000     
 mdl_yme =    5.1099999999999995E-004
 mdl_ymm =   0.10566000000000000     
 mdl_ymtau =    1.7769999999999999     
 mdl_Ge =   0.30281770000000002     
 mdl_GChi =   0.30281770000000002     
 mdl_GAN =   0.30281770000000002     
 mdl_GAPN =   0.30281770000000002     
 mdl_Anuc =    184.00000000000000     
 mdl_Znuc =    74.000000000000000     
 mdl_inelastic1 =    1.9276000000000000     
 mdl_inelastic2 =    1.4084500000000000     
 mdl_aval =    51729.699999999997     
 mdl_dval =    5.0695000000000002E-003
 mdl_apval =    85806.300000000003     
 mdl_Me =    5.1099999999999995E-004
 mdl_MM =   0.10566000000000000     
 mdl_MTA =    1.7769999999999999     
 mdl_MU =    5.1099999999999995E-004
 mdl_MC =    1.4199999999999999     
 mdl_MT =    172.00000000000000     
 mdl_MD =    5.0400000000000002E-003
 mdl_MS =   0.10100000000000001     
 mdl_MB =    4.7000000000000002     
 mdl_MChi =    1.0000000000000000     
 mdl_MNul =    174.00000000000000     
 mdl_MZ =    91.187600000000003     
 mdl_MAp =   0.10000000000000001     
 mdl_MH =    120.00000000000000     
 mdl_WT =    1.5083359999999999     
 mdl_WZ =    2.4952000000000001     
 mdl_WW =    2.0850000000000000     
 mdl_WAp =    1.0000000000000000     
 mdl_WH =    5.7530880000000000E-003
  Internal Params
  ---------------------------------
  
 mdl_cos__cabi =   0.97418004031982097     
 mdl_CKM1x1 =  ( 0.97418004031982097     ,  0.0000000000000000     )
 mdl_sin__cabi =   0.22577256042856930     
 mdl_CKM1x2 =  ( 0.22577256042856930     ,  0.0000000000000000     )
 mdl_CKM1x3 =  (  0.0000000000000000     ,  0.0000000000000000     )
 mdl_CKM2x1 =  (-0.22577256042856930     ,  0.0000000000000000     )
 mdl_CKM2x2 =  ( 0.97418004031982097     ,  0.0000000000000000     )
 mdl_CKM2x3 =  (  0.0000000000000000     ,  0.0000000000000000     )
 mdl_CKM3x1 =  (  0.0000000000000000     ,  0.0000000000000000     )
 mdl_CKM3x2 =  (  0.0000000000000000     ,  0.0000000000000000     )
 mdl_CKM3x3 =  (  1.0000000000000000     ,  0.0000000000000000     )
 mdl_MZ__exp__2 =    8315.1783937600012     
 mdl_MZ__exp__4 =    69142191.720053151     
 mdl_sqrt__2 =    1.4142135623730951     
 mdl_MH__exp__2 =    14400.000000000000     
 mdl_complexi =  (  0.0000000000000000     ,  1.0000000000000000     )
 mdl_conjg__CKM1x1 =  ( 0.97418004031982097     , -0.0000000000000000     )
 mdl_conjg__CKM1x2 =  ( 0.22577256042856930     , -0.0000000000000000     )
 mdl_conjg__CKM1x3 =  (  0.0000000000000000     , -0.0000000000000000     )
 mdl_conjg__CKM2x1 =  (-0.22577256042856930     , -0.0000000000000000     )
 mdl_conjg__CKM2x2 =  ( 0.97418004031982097     , -0.0000000000000000     )
 mdl_conjg__CKM2x3 =  (  0.0000000000000000     , -0.0000000000000000     )
 mdl_conjg__CKM3x1 =  (  0.0000000000000000     , -0.0000000000000000     )
 mdl_conjg__CKM3x2 =  (  0.0000000000000000     , -0.0000000000000000     )
 mdl_conjg__CKM3x3 =  (  1.0000000000000000     , -0.0000000000000000     )
 mdl_aEW =    7.8186082877247844E-003
 mdl_MW =    79.824359746197842     
 mdl_sqrt__aEW =    8.8422894590285753E-002
 mdl_ee =   0.31345100004952897     
 mdl_MW__exp__2 =    6371.9284088904105     
 mdl_sw2 =   0.23369913342182447     
 mdl_cw =   0.87538612427783857     
 mdl_sqrt__sw2 =   0.48342438232036300     
 mdl_sw =   0.48342438232036300     
 mdl_g1 =   0.35807170271074895     
 mdl_gw =   0.64839716719502682     
 mdl_v =    246.22056907348590     
 mdl_v__exp__2 =    60624.568634871241     
 mdl_lam =   0.11876373163764767     
 mdl_yb =    2.6995322804122722E-002
 mdl_yc =    7.2944808428161397E-003
 mdl_ydo =    2.8948175943144366E-005
 mdl_ye =    2.9350233942354699E-006
 mdl_ym =    6.0687783137949077E-004
 mdl_ys =    5.8011225600348830E-004
 mdl_yt =   0.98791394091683138     
 mdl_ytau =    1.0206529494239589E-002
 mdl_yup =    1.4646398542662327E-005
 mdl_muH =    84.852813742385706     
 mdl_ee__exp__2 =    9.8251529432049817E-002
 mdl_gw__exp__2 =   0.42041888642653558     
 mdl_cw__exp__2 =   0.76630086657817542     
 mdl_sw__exp__2 =   0.23369913342182450     
  Internal Params evaluated point by point
  ----------------------------------------
  
 mdl_sqrt__aS =   0.34409301068170506     
 mdl_G__exp__2 =    1.4878582807401259     
  Couplings of DarkphotonNuc_UFO_3_fromdropbox
  ---------------------------------
  
         GC_3 =  -0.00000E+00  -0.31345E+00
        GC_12 =  -0.00000E+00  -0.30282E+00

 Collider parameters:
 --------------------

 Running at e e   machine @    27.033312782565144       GeV
 PDF set = none   
 alpha_s(Mz)= 0.1184 running at 2 loops.
 alpha_s(Mz)= 0.1184 running at 2 loops.
 Renormalization scale set on event-by-event basis
 Factorization   scale set on event-by-event basis


 getting user params
Enter number of events and max and min iterations: 
 Number of events and iterations         5000           9           3
Enter desired fractional accuracy: 
 Desired fractional accuracy:   -5.7438253877099997E-003
Enter 0 for fixed, 2 for adjustable grid: 
Suppress amplitude (0 no, 1 yes)? 
 Using suppressed amplitude.
Exact helicity sum (0 yes, n = number/event)? 
 Explicitly summing over helicities
Enter Configuration Number: 
Running Configuration Number:    1
 Not subdividing B.W.
 Attempting mappinvarients           1           6
 Completed mapping           6
 about to integrate            8        5000           9           3           8           1
 Using non-zero grid deformation.
  8 dimensions   5000 events  8 invarients  9 iterations  1 config(s),  (0.99)
 Using h-tuple random number sequence.
 fail to read data
 Error opening grid
 Using Uniform Grid!          24
 Using uniform alpha   1.0000000000000000     
 Grid defined OK
 Set CM energy to        175.05
 Mapping Graph           1  to config           1
Setting grid   1    0.85218E-11   1
Setting grid   2    0.85218E-11   1
Setting grid   3    0.36434E-06   1
 Masses: 0.106E+00 0.174E+03 0.106E+00 0.174E+03 0.511E-03 0.511E-03
   1   1   2   3   4   5   6   7   8
 Got moffset           2
Using random seed offsets     1 :      1
  with seed                   27
 Ranmar initialization seeds        4635       15716
 
 ********************************************
 * You are using the DiscreteSampler module *
 *      part of the MG5_aMC framework       *
 *         Author: Valentin Hirschi         *
 ********************************************
 
  Particle       3       4       5       6
      Et >     0.0     0.0     0.0     0.0
       E >     0.0     0.0     0.0     0.0
     Eta <    -1.0    -1.0    -1.0    -1.0
   xqcut:      0.0     0.0     0.0     0.0
d R # 3  >    -0.0     0.0     0.0     0.0
d R # 4  >    -0.0    -0.0     0.0     0.0
d R # 5  >    -0.0    -0.0    -0.0     0.0
s min # 3>     0.0     0.0     0.0     0.0
s min # 4>     0.0     0.0     0.0     0.0
s min # 5>     0.0     0.0     0.0     0.0
xqcutij # 3>     0.0     0.0     0.0     0.0
xqcutij # 4>     0.0     0.0     0.0     0.0
xqcutij # 5>     0.0     0.0     0.0     0.0
 alpha_s for scale    174.00063377319836       is   0.10787370899077726     
 Added good helicity            1   3.4681576697321288E-005  in event            1 local:           1
 Added good helicity            3   1.7454887107473608E-008  in event            1 local:           1
 Added good helicity            4   8.6076954992906508E-003  in event            1 local:           1
 Added good helicity            5   2.8714289904442428E-003  in event            1 local:           1
 Added good helicity            6   2.6675147588427850E-007  in event            1 local:           1
 Added good helicity            7   1.4415596178482845E-006  in event            1 local:           1
 Added good helicity            8  0.71723760612808518       in event            1 local:           1
 Added good helicity            9   3.6788143219401062E-002  in event            1 local:           1
 Added good helicity           10   7.1547327660738698E-008  in event            1 local:           1
 Added good helicity           11   2.2500173273383292E-007  in event            1 local:           1
 Added good helicity           12  0.14398729158006959       in event            1 local:           1
 Added good helicity           13   3.0812859465645084       in event            1 local:           1
 Added good helicity           14   5.8911362417434788E-006  in event            1 local:           1
 Added good helicity           15   1.8475512882453784E-005  in event            1 local:           1
 Added good helicity           16   12.008619239173592       in event            1 local:           1
 Added good helicity           17   2.8701795746503265E-003  in event            1 local:           1
 Added good helicity           18   2.6617861736684508E-007  in event            1 local:           1
 Added good helicity           19   1.4452958683879627E-006  in event            1 local:           1
 Added good helicity           20  0.71734724170402298       in event            1 local:           1
 Added good helicity           21   3.4736277003307127E-005  in event            1 local:           1
 Added good helicity           23   1.7265882220639347E-008  in event            1 local:           1
 Added good helicity           24   8.6021794402907255E-003  in event            1 local:           1
 Added good helicity           25   3.0795686173189800       in event            1 local:           1
 Added good helicity           26   5.8855023858262471E-006  in event            1 local:           1
 Added good helicity           27   1.8525246526450051E-005  in event            1 local:           1
 Added good helicity           28   12.011368902049476       in event            1 local:           1
 Added good helicity           29   3.6874260147598668E-002  in event            1 local:           1
 Added good helicity           30   7.1833886318388121E-008  in event            1 local:           1
 Added good helicity           31   2.2248577372374843E-007  in event            1 local:           1
 Added good helicity           32  0.14384902151569867       in event            1 local:           1
 Added good helicity           33  0.14384902151569867       in event            1 local:           1
 Added good helicity           34   2.2248577372374857E-007  in event            1 local:           1
 Added good helicity           35   7.1833886318388121E-008  in event            1 local:           1
 Added good helicity           36   3.6874260147598668E-002  in event            1 local:           1
 Added good helicity           37   12.011368902049474       in event            1 local:           1
 Added good helicity           38   1.8525246526450044E-005  in event            1 local:           1
 Added good helicity           39   5.8855023858262454E-006  in event            1 local:           1
 Added good helicity           40   3.0795686173189800       in event            1 local:           1
 Added good helicity           41   8.6021794402907255E-003  in event            1 local:           1
 Added good helicity           42   1.7265882220639324E-008  in event            1 local:           1
 Added good helicity           44   3.4736277003307127E-005  in event            1 local:           1
 Added good helicity           45  0.71734724170402298       in event            1 local:           1
 Added good helicity           46   1.4452958683879608E-006  in event            1 local:           1
 Added good helicity           47   2.6617861736684508E-007  in event            1 local:           1
 Added good helicity           48   2.8701795746503256E-003  in event            1 local:           1
 Added good helicity           49   12.008619239173594       in event            1 local:           1
 Added good helicity           50   1.8475512882453814E-005  in event            1 local:           1
 Added good helicity           51   5.8911362417434746E-006  in event            1 local:           1
 Added good helicity           52   3.0812859465645084       in event            1 local:           1
 Added good helicity           53  0.14398729158006959       in event            1 local:           1
 Added good helicity           54   2.2500173273383335E-007  in event            1 local:           1
 Added good helicity           55   7.1547327660738645E-008  in event            1 local:           1
 Added good helicity           56   3.6788143219401062E-002  in event            1 local:           1
 Added good helicity           57  0.71723760612808518       in event            1 local:           1
 Added good helicity           58   1.4415596178482830E-006  in event            1 local:           1
 Added good helicity           59   2.6675147588427850E-007  in event            1 local:           1
 Added good helicity           60   2.8714289904442415E-003  in event            1 local:           1
 Added good helicity           61   8.6076954992906508E-003  in event            1 local:           1
 Added good helicity           62   1.7454887107473585E-008  in event            1 local:           1
 Added good helicity           64   3.4681576697321288E-005  in event            1 local:           1
 Added good helicity            2   2.7634569222403810E-007  in event           10 local:          10
 Added good helicity           22   2.7607170654972338E-007  in event           10 local:          10
 Added good helicity           43   2.7607170654972343E-007  in event           10 local:          10
 Added good helicity           63   2.7634569222403820E-007  in event           10 local:          10
 RESET CUMULATIVE VARIABLE
 RESET CUMULATIVE VARIABLE
 Iteration  1   Mean: 0.8617E+05 Abs mean: 0.8617E+05   Fluctuation:  0.221E+05   0.708E+08     0.9%
  1    0.8617E+05 0.8617E+05 +- 0.2212E+05     18.15
 Writing out events   224.79389396495313        18.148369160520563     
 Relative summed weights:
  0.5073E+00  0.0000E+00
  0.4927E+00  0.0000E+00
 Relative number of events:
  0.4915E+00  0.0000E+00
  0.5085E+00  0.0000E+00
 Events:
        2462           0
        2547           0
Warning xbin not returning correct x   5  0.102927E+01  0.103333E+01  0.9992E-14
Warning xbin not returning correct x   5  0.248343E+01  0.248889E+01  0.9992E-14
Warning xbin not returning correct x   5  0.266980E+01  0.266667E+01  0.9992E-14
Warning xbin not returning correct x   5  0.244184E+01  0.244444E+01  0.9992E-14
Warning xbin not returning correct x   5  0.513919E+01  0.514444E+01  0.9992E-14
Warning xbin still not working well. Last message this iteration.
 Iteration  2   Mean: 0.1024E+06 Abs mean: 0.1024E+06   Fluctuation:  0.412E+04   0.145E+08     1.7%
  2    0.1024E+06 0.1024E+06 +- 0.4116E+04      4.02
 Relative summed weights:
  0.4813E+00  0.0000E+00
  0.5187E+00  0.0000E+00
 Relative number of events:
  0.5085E+00  0.0000E+00
  0.4915E+00  0.0000E+00
 Events:
        5085           0
        4915           0
 Iteration  3   Mean: 0.1073E+06 Abs mean: 0.1073E+06   Fluctuation:  0.314E+04   0.355E+08     7.2%
  3    0.1073E+06 0.1073E+06 +- 0.3143E+04      4.14
 Relative summed weights:
  0.4755E+00  0.0000E+00
  0.5245E+00  0.0000E+00
 Relative number of events:
  0.4964E+00  0.0000E+00
  0.5036E+00  0.0000E+00
 Events:
        9928           0
       10072           0
 Found        10655  events.
 Wrote           79  events.
 Actual xsec    105406.32883874163     
 Correct abs xsec    105406.32883874163     
 Event xsec    105406.32883874184     
 Events wgts > 1:            2
 % Cross section > 1:    464.82864011837387       0.44098741056573754     
 Checking number of events   605.43554760927282               79  chi2:   0.82782808384682882     
 Found        10655  events.
 Wrote           88  events.
 Actual xsec    105406.32883874163     
 Correct abs xsec    105406.32883874163     
 Event xsec    105406.32883874177     
 Events wgts > 1:            2
 % Cross section > 1:    417.47763390475666       0.39606505463580288     
 Iteration  4   Mean: 0.1094E+06 Abs mean: 0.1094E+06   Fluctuation:  0.108E+04   0.809E+07     6.0%
  4    0.1094E+06 0.1094E+06 +- 0.1075E+04      1.97
 Relative summed weights:
  0.5017E+00  0.0000E+00
  0.4983E+00  0.0000E+00
 Relative number of events:
  0.4976E+00  0.0000E+00
  0.5023E+00  0.0000E+00
 Events:
       19906           0
       20094           0
 Found        26978  events.
 Wrote         2016  events.
 Actual xsec    108796.42887212681     
 Correct abs xsec    108796.42887212681     
 Event xsec    108796.42887212904     
 Events wgts > 1:           39
 % Cross section > 1:    1080.6266111868676       0.99325558971880690     
 Checking number of events   624.90769024790723             2016  chi2:    1.4727239239172045     

 -------------------------------------------------------------------------------
 Accumulated results:   Integral =  0.1088E+06
                        Std dev  =  0.9870E+03
                       Cross sec =  0.1106E+01
             Chi**2 per DoF.     =
-------------------------------------------------
---------------------------
 Results Last   3 iters: Integral =   0.1088E+06
                     Abs integral =   0.1088E+06
                          Std dev =   0.9878E+03
                  Chi**2 per DoF. =      1.4727
-------------------------------------------------
---------------------------
 Status  -5.7438253877099997E-003           5           9
 We found enough events        2016   624.90769024790723     

ls status:
events.lhe
ftn25
ftn26
input_sg.txt
moffset.dat
results.dat
run_01_app.log
