 Process in group number            1
 No PDF is used, alpha_s(MZ) from param_card is used
 Value of alpha_s from param_card:   0.11839999999999999     
 The default order of alpha_s running is fixed to            2
 *****************************************************
 *               MadGraph/MadEvent                   *
 *        --------------------------------           *
 *          http://madgraph.hep.uiuc.edu             *
 *          http://madgraph.phys.ucl.ac.be           *
 *          http://madgraph.roma2.infn.it            *
 *        --------------------------------           *
 *                                                   *
 *          PARAMETER AND COUPLING VALUES            *
 *                                                   *
 *****************************************************

  External Params
  ---------------------------------
  
 mdl_cabi =   0.22773599999999999     
 aEWM1 =    127.90000000000001     
 mdl_Gf =    1.1663700000000000E-005
 aS =   0.11839999999999999     
 mdl_ymdo =    5.0400000000000002E-003
 mdl_ymup =    2.5500000000000002E-003
 mdl_yms =   0.10100000000000001     
 mdl_ymc =    1.2700000000000000     
 mdl_ymb =    4.7000000000000002     
 mdl_ymt =    172.00000000000000     
 mdl_yme =    5.1099999999999995E-004
 mdl_ymm =   0.10566000000000000     
 mdl_ymtau =    1.7769999999999999     
 mdl_Ge =   0.30281770000000002     
 mdl_GChi =   0.30281770000000002     
 mdl_GAN =   0.30281770000000002     
 mdl_GAPN =   0.30281770000000002     
 mdl_Anuc =    184.00000000000000     
 mdl_Znuc =    74.000000000000000     
 mdl_inelastic1 =    1.9276000000000000     
 mdl_inelastic2 =    1.4084500000000000     
 mdl_aval =    51729.699999999997     
 mdl_dval =    5.0695000000000002E-003
 mdl_apval =    85806.300000000003     
 mdl_Me =    5.1099999999999995E-004
 mdl_MM =   0.10566000000000000     
 mdl_MTA =    1.7769999999999999     
 mdl_MU =    5.1099999999999995E-004
 mdl_MC =    1.4199999999999999     
 mdl_MT =    172.00000000000000     
 mdl_MD =    5.0400000000000002E-003
 mdl_MS =   0.10100000000000001     
 mdl_MB =    4.7000000000000002     
 mdl_MChi =    1.0000000000000000     
 mdl_MNul =    174.00000000000000     
 mdl_MZ =    91.187600000000003     
 mdl_MAp =   0.10000000000000001     
 mdl_MH =    120.00000000000000     
 mdl_WT =    1.5083359999999999     
 mdl_WZ =    2.4952000000000001     
 mdl_WW =    2.0850000000000000     
 mdl_WAp =    1.0000000000000000     
 mdl_WH =    5.7530880000000000E-003
  Internal Params
  ---------------------------------
  
 mdl_cos__cabi =   0.97418004031982097     
 mdl_CKM1x1 =  ( 0.97418004031982097     ,  0.0000000000000000     )
 mdl_sin__cabi =   0.22577256042856930     
 mdl_CKM1x2 =  ( 0.22577256042856930     ,  0.0000000000000000     )
 mdl_CKM1x3 =  (  0.0000000000000000     ,  0.0000000000000000     )
 mdl_CKM2x1 =  (-0.22577256042856930     ,  0.0000000000000000     )
 mdl_CKM2x2 =  ( 0.97418004031982097     ,  0.0000000000000000     )
 mdl_CKM2x3 =  (  0.0000000000000000     ,  0.0000000000000000     )
 mdl_CKM3x1 =  (  0.0000000000000000     ,  0.0000000000000000     )
 mdl_CKM3x2 =  (  0.0000000000000000     ,  0.0000000000000000     )
 mdl_CKM3x3 =  (  1.0000000000000000     ,  0.0000000000000000     )
 mdl_MZ__exp__2 =    8315.1783937600012     
 mdl_MZ__exp__4 =    69142191.720053151     
 mdl_sqrt__2 =    1.4142135623730951     
 mdl_MH__exp__2 =    14400.000000000000     
 mdl_complexi =  (  0.0000000000000000     ,  1.0000000000000000     )
 mdl_conjg__CKM1x1 =  ( 0.97418004031982097     , -0.0000000000000000     )
 mdl_conjg__CKM1x2 =  ( 0.22577256042856930     , -0.0000000000000000     )
 mdl_conjg__CKM1x3 =  (  0.0000000000000000     , -0.0000000000000000     )
 mdl_conjg__CKM2x1 =  (-0.22577256042856930     , -0.0000000000000000     )
 mdl_conjg__CKM2x2 =  ( 0.97418004031982097     , -0.0000000000000000     )
 mdl_conjg__CKM2x3 =  (  0.0000000000000000     , -0.0000000000000000     )
 mdl_conjg__CKM3x1 =  (  0.0000000000000000     , -0.0000000000000000     )
 mdl_conjg__CKM3x2 =  (  0.0000000000000000     , -0.0000000000000000     )
 mdl_conjg__CKM3x3 =  (  1.0000000000000000     , -0.0000000000000000     )
 mdl_aEW =    7.8186082877247844E-003
 mdl_MW =    79.824359746197842     
 mdl_sqrt__aEW =    8.8422894590285753E-002
 mdl_ee =   0.31345100004952897     
 mdl_MW__exp__2 =    6371.9284088904105     
 mdl_sw2 =   0.23369913342182447     
 mdl_cw =   0.87538612427783857     
 mdl_sqrt__sw2 =   0.48342438232036300     
 mdl_sw =   0.48342438232036300     
 mdl_g1 =   0.35807170271074895     
 mdl_gw =   0.64839716719502682     
 mdl_v =    246.22056907348590     
 mdl_v__exp__2 =    60624.568634871241     
 mdl_lam =   0.11876373163764767     
 mdl_yb =    2.6995322804122722E-002
 mdl_yc =    7.2944808428161397E-003
 mdl_ydo =    2.8948175943144366E-005
 mdl_ye =    2.9350233942354699E-006
 mdl_ym =    6.0687783137949077E-004
 mdl_ys =    5.8011225600348830E-004
 mdl_yt =   0.98791394091683138     
 mdl_ytau =    1.0206529494239589E-002
 mdl_yup =    1.4646398542662327E-005
 mdl_muH =    84.852813742385706     
 mdl_ee__exp__2 =    9.8251529432049817E-002
 mdl_gw__exp__2 =   0.42041888642653558     
 mdl_cw__exp__2 =   0.76630086657817542     
 mdl_sw__exp__2 =   0.23369913342182450     
  Internal Params evaluated point by point
  ----------------------------------------
  
 mdl_sqrt__aS =   0.34409301068170506     
 mdl_G__exp__2 =    1.4878582807401259     
  Couplings of DarkphotonNuc_UFO_3
  ---------------------------------
  
         GC_3 =  -0.00000E+00  -0.31345E+00
        GC_12 =  -0.00000E+00  -0.30282E+00

 Collider parameters:
 --------------------

 Running at e e   machine @    27.033312782565144       GeV
 PDF set = none   
 alpha_s(Mz)= 0.1184 running at 2 loops.
 alpha_s(Mz)= 0.1184 running at 2 loops.
 Renormalization scale set on event-by-event basis
 Factorization   scale set on event-by-event basis


 getting user params
Enter number of events and max and min iterations: 
 Number of events and iterations         1000           5           3
Enter desired fractional accuracy: 
 Desired fractional accuracy:   0.10000000000000001     
Enter 0 for fixed, 2 for adjustable grid: 
Suppress amplitude (0 no, 1 yes)? 
 Using suppressed amplitude.
Exact helicity sum (0 yes, n = number/event)? 
 Explicitly summing over helicities
Enter Configuration Number: 
Running Configuration Number:    1
 Not subdividing B.W.
 Attempting mappinvarients           1           6
 Completed mapping           6
 about to integrate            8        1000           5           3           8           1
 Using non-zero grid deformation.
  8 dimensions   1000 events  8 invarients  5 iterations  1 config(s),  (0.99)
 Using h-tuple random number sequence.
 fail to read data
 Error opening grid
 Using Uniform Grid!          24
 Using uniform alpha   1.0000000000000000     
 Grid defined OK
 Set CM energy to        175.05
 Mapping Graph           1  to config           1
Setting grid   1    0.34087E-10   1
Setting grid   2    0.37143E-06   1
Setting grid   3    0.37143E-06   1
 Masses: 0.106E+00 0.174E+03 0.106E+00 0.174E+03 0.511E-03 0.511E-03
   1   1   2   3   4   5   6   7   8
Using random seed offsets     1 :      1
  with seed                   24
 Ranmar initialization seeds       31059        9398
 
 ********************************************
 * You are using the DiscreteSampler module *
 *      part of the MG5_aMC framework       *
 *         Author: Valentin Hirschi         *
 ********************************************
 
  Particle       3       4       5       6
      Et >     0.0     0.0     0.0     0.0
       E >     0.0     0.0     0.0     0.0
     Eta <    -1.0    -1.0    -1.0    -1.0
   xqcut:      0.0     0.0     0.0     0.0
d R # 3  >    -0.0     0.0     0.0     0.0
d R # 4  >    -0.0    -0.0     0.0     0.0
d R # 5  >    -0.0    -0.0    -0.0     0.0
s min # 3>     0.0     0.0     0.0     0.0
s min # 4>     0.0     0.0     0.0     0.0
s min # 5>     0.0     0.0     0.0     0.0
xqcutij # 3>     0.0     0.0     0.0     0.0
xqcutij # 4>     0.0     0.0     0.0     0.0
xqcutij # 5>     0.0     0.0     0.0     0.0
 alpha_s for scale    174.00192961949563       is   0.10787359866790061     
 Added good helicity            1   1.2910694517845254       in event            1 local:           1
 Added good helicity            2   1.7537606143386310E-006  in event            1 local:           1
 Added good helicity            3   1.3805909898639575E-006  in event            1 local:           1
 Added good helicity            4  0.47166154165371649       in event            1 local:           1
 Added good helicity            5   7.8994384615761540E-002  in event            1 local:           1
 Added good helicity            6   1.0155661890829865E-007  in event            1 local:           1
 Added good helicity            7   1.3374806170029404E-007  in event            1 local:           1
 Added good helicity            8   2.2986935072492033E-002  in event            1 local:           1
 Added good helicity            9  0.74846006639089624       in event            1 local:           1
 Added good helicity           10   7.5889714940719031E-005  in event            1 local:           1
 Added good helicity           11   1.7868421592771929E-005  in event            1 local:           1
 Added good helicity           12   12.603062993717316       in event            1 local:           1
 Added good helicity           13   6.9443367317363364E-002  in event            1 local:           1
 Added good helicity           14   4.0237700931066526E-006  in event            1 local:           1
 Added good helicity           15   1.3449518734512357E-006  in event            1 local:           1
 Added good helicity           16  0.76761816506909497       in event            1 local:           1
 Added good helicity           17   6.9277986471377007E-002  in event            1 local:           1
 Added good helicity           18   8.8438068071511136E-008  in event            1 local:           1
 Added good helicity           19   7.5730731658204642E-008  in event            1 local:           1
 Added good helicity           20   2.6412934793473324E-002  in event            1 local:           1
 Added good helicity           21   1.2921414480367837       in event            1 local:           1
 Added good helicity           22   1.7553102342947067E-006  in event            1 local:           1
 Added good helicity           23   1.3864144911882363E-006  in event            1 local:           1
 Added good helicity           24  0.47119381674897315       in event            1 local:           1
 Added good helicity           25   4.2102375654384711E-002  in event            1 local:           1
 Added good helicity           26   4.1165075395293082E-006  in event            1 local:           1
 Added good helicity           27   9.7799191808105100E-007  in event            1 local:           1
 Added good helicity           28  0.68288282261724087       in event            1 local:           1
 Added good helicity           29  0.75026980401279830       in event            1 local:           1
 Added good helicity           30   7.5878712387320393E-005  in event            1 local:           1
 Added good helicity           31   1.7908018403555974E-005  in event            1 local:           1
 Added good helicity           32   12.612217222405253       in event            1 local:           1
 Added good helicity           33   12.612217222405251       in event            1 local:           1
 Added good helicity           34   1.7908018403555974E-005  in event            1 local:           1
 Added good helicity           35   7.5878712387320366E-005  in event            1 local:           1
 Added good helicity           36  0.75026980401279819       in event            1 local:           1
 Added good helicity           37  0.68288282261724098       in event            1 local:           1
 Added good helicity           38   9.7799191808105164E-007  in event            1 local:           1
 Added good helicity           39   4.1165075395293065E-006  in event            1 local:           1
 Added good helicity           40   4.2102375654384731E-002  in event            1 local:           1
 Added good helicity           41  0.47119381674897293       in event            1 local:           1
 Added good helicity           42   1.3864144911882386E-006  in event            1 local:           1
 Added good helicity           43   1.7553102342947065E-006  in event            1 local:           1
 Added good helicity           44   1.2921414480367837       in event            1 local:           1
 Added good helicity           45   2.6412934793473324E-002  in event            1 local:           1
 Added good helicity           46   7.5730731658204774E-008  in event            1 local:           1
 Added good helicity           47   8.8438068071511163E-008  in event            1 local:           1
 Added good helicity           48   6.9277986471377007E-002  in event            1 local:           1
 Added good helicity           49  0.76761816506909497       in event            1 local:           1
 Added good helicity           50   1.3449518734512350E-006  in event            1 local:           1
 Added good helicity           51   4.0237700931066526E-006  in event            1 local:           1
 Added good helicity           52   6.9443367317363378E-002  in event            1 local:           1
 Added good helicity           53   12.603062993717316       in event            1 local:           1
 Added good helicity           54   1.7868421592771926E-005  in event            1 local:           1
 Added good helicity           55   7.5889714940719017E-005  in event            1 local:           1
 Added good helicity           56  0.74846006639089624       in event            1 local:           1
 Added good helicity           57   2.2986935072492012E-002  in event            1 local:           1
 Added good helicity           58   1.3374806170029420E-007  in event            1 local:           1
 Added good helicity           59   1.0155661890829862E-007  in event            1 local:           1
 Added good helicity           60   7.8994384615761568E-002  in event            1 local:           1
 Added good helicity           61  0.47166154165371627       in event            1 local:           1
 Added good helicity           62   1.3805909898639594E-006  in event            1 local:           1
 Added good helicity           63   1.7537606143386310E-006  in event            1 local:           1
 Added good helicity           64   1.2910694517845254       in event            1 local:           1
 RESET CUMULATIVE VARIABLE
 RESET CUMULATIVE VARIABLE
 Iteration  1   Mean: 0.6183E+05 Abs mean: 0.6183E+05   Fluctuation:  0.175E+05   0.110E+08    21.5%
  1    0.6183E+05 0.6183E+05 +- 0.1750E+05      8.95
 Writing out events   57.393245672625540        8.9520376116807903     
 Relative summed weights:
  0.1000E+01  0.0000E+00
 Relative number of events:
  0.1000E+01  0.0000E+00
 Events:
        1015           0
 Iteration  2   Mean: 0.7889E+05 Abs mean: 0.7889E+05   Fluctuation:  0.109E+05   0.145E+08    42.3%
  2    0.7889E+05 0.7889E+05 +- 0.1094E+05      6.20
 Relative summed weights:
  0.1000E+01  0.0000E+00
 Relative number of events:
  0.1000E+01  0.0000E+00
 Events:
        2000           0
 Iteration  3   Mean: 0.8780E+05 Abs mean: 0.8780E+05   Fluctuation:  0.352E+04   0.487E+07    42.9%
  3    0.8780E+05 0.8780E+05 +- 0.3515E+04      2.53
 Relative summed weights:
  0.1000E+01  0.0000E+00
 Relative number of events:
  0.1000E+01  0.0000E+00
 Events:
        4000           0
 Accuracy:    0.034   0.100   0.038   0.775
 Finished due to accuracy    3.3554495953694488E-002  0.10000000000000001     

 -------------------------------------------------------------------------------
 Accumulated results:   Integral =  0.8665E+05
                        Std dev  =  0.3303E+04
                       Cross sec =  0.8665E+05
             Chi**2 per DoF.     =      0.7749
 -------------------------------------------------------------------------------
 Found          786  events.
 Wrote           88  events.
 Actual xsec    86652.475810301228     
 Correct abs xsec    86652.475810301228     
 Event xsec    86652.475810301301     
 Events wgts > 1:            2
 % Cross section > 1:    102.07171684612990       0.11779434562214268     
-------------------------------------------------
---------------------------
 Results Last   3 iters: Integral =   0.8665E+05
                     Abs integral =   0.8665E+05
                          Std dev =   0.3303E+04
                  Chi**2 per DoF. =      1.3100
-------------------------------------------------
---------------------------
 Status  0.10000000000000001                4           5

ls status:
events.lhe
ftn25
ftn26
input_app.txt
results.dat
run1_app.log
